{"E:\\Users\\William\\Documents\\Repositories\\Draekien-Industries\\waystone-ui\\packages\\waystone-components\\src\\index.tsx": {"path":"E:\\Users\\William\\Documents\\Repositories\\Draekien-Industries\\waystone-ui\\packages\\waystone-components\\src\\index.tsx","statementMap":{"0":{"start":{"line":1,"column":0},"end":{"line":1,"column":32}},"1":{"start":{"line":2,"column":0},"end":{"line":2,"column":32}},"2":{"start":{"line":3,"column":0},"end":{"line":3,"column":28}},"3":{"start":{"line":4,"column":0},"end":{"line":4,"column":28}},"4":{"start":{"line":5,"column":0},"end":{"line":5,"column":28}},"5":{"start":{"line":6,"column":0},"end":{"line":6,"column":41}}},"fnMap":{},"branchMap":{},"s":{"0":0,"1":0,"2":0,"3":0,"4":0,"5":0},"f":{},"b":{}}
,"E:\\Users\\William\\Documents\\Repositories\\Draekien-Industries\\waystone-ui\\packages\\waystone-components\\src\\anchor\\anchor.stories.tsx": {"path":"E:\\Users\\William\\Documents\\Repositories\\Draekien-Industries\\waystone-ui\\packages\\waystone-components\\src\\anchor\\anchor.stories.tsx","statementMap":{"0":{"start":{"line":1,"column":0},"end":{"line":1,"column":26}},"1":{"start":{"line":3,"column":0},"end":{"line":3,"column":50}},"2":{"start":{"line":4,"column":0},"end":{"line":4,"column":47}},"3":{"start":{"line":6,"column":0},"end":{"line":12,"column":10}},"4":{"start":{"line":14,"column":37},"end":{"line":15,"column":null}},"5":{"start":{"line":15,"column":2},"end":{"line":15,"column":50}},"6":{"start":{"line":18,"column":13},"end":{"line":18,"column":41}},"7":{"start":{"line":20,"column":0},"end":{"line":22,"column":2}},"8":{"start":{"line":24,"column":13},"end":{"line":24,"column":46}},"9":{"start":{"line":26,"column":0},"end":{"line":33,"column":2}},"10":{"start":{"line":35,"column":0},"end":{"line":39,"column":2}}},"fnMap":{"0":{"name":"(anonymous_1)","decl":{"start":{"line":14,"column":37},"end":{"line":14,"column":38}},"loc":{"start":{"line":15,"column":2},"end":{"line":15,"column":50}}}},"branchMap":{},"s":{"0":0,"1":0,"2":0,"3":0,"4":0,"5":0,"6":0,"7":0,"8":0,"9":0,"10":0},"f":{"0":0},"b":{}}
,"E:\\Users\\William\\Documents\\Repositories\\Draekien-Industries\\waystone-ui\\packages\\waystone-components\\src\\anchor\\anchor.styles.tsx": {"path":"E:\\Users\\William\\Documents\\Repositories\\Draekien-Industries\\waystone-ui\\packages\\waystone-components\\src\\anchor\\anchor.styles.tsx","statementMap":{"0":{"start":{"line":3,"column":13},"end":{"line":20,"column":2}}},"fnMap":{},"branchMap":{},"s":{"0":0},"f":{},"b":{}}
,"E:\\Users\\William\\Documents\\Repositories\\Draekien-Industries\\waystone-ui\\packages\\waystone-components\\src\\anchor\\anchor.tsx": {"path":"E:\\Users\\William\\Documents\\Repositories\\Draekien-Industries\\waystone-ui\\packages\\waystone-components\\src\\anchor\\anchor.tsx","statementMap":{"0":{"start":{"line":3,"column":0},"end":{"line":3,"column":43}},"1":{"start":{"line":4,"column":0},"end":{"line":4,"column":36}},"2":{"start":{"line":5,"column":0},"end":{"line":5,"column":44}},"3":{"start":{"line":33,"column":41},"end":{"line":33,"column":46}},"4":{"start":{"line":33,"column":50},"end":{"line":33,"column":63}},"5":{"start":{"line":34,"column":2},"end":{"line":36,"column":null}},"6":{"start":{"line":33,"column":0},"end":{"line":33,"column":16}},"7":{"start":{"line":43,"column":29},"end":{"line":43,"column":null}},"8":{"start":{"line":44,"column":9},"end":{"line":45,"column":12}},"9":{"start":{"line":46,"column":2},"end":{"line":48,"column":null}},"10":{"start":{"line":40,"column":0},"end":{"line":40,"column":16}},"11":{"start":{"line":57,"column":41},"end":{"line":57,"column":46}},"12":{"start":{"line":57,"column":50},"end":{"line":57,"column":65}},"13":{"start":{"line":58,"column":2},"end":{"line":60,"column":null}},"14":{"start":{"line":59,"column":4},"end":{"line":59,"column":40}},"15":{"start":{"line":62,"column":2},"end":{"line":62,"column":38}},"16":{"start":{"line":57,"column":0},"end":{"line":57,"column":16}}},"fnMap":{"0":{"name":"InternalAnchor","decl":{"start":{"line":33,"column":16},"end":{"line":33,"column":30}},"loc":{"start":{"line":33,"column":63},"end":{"line":37,"column":1}}},"1":{"name":"ExternalAnchor","decl":{"start":{"line":40,"column":16},"end":{"line":40,"column":30}},"loc":{"start":{"line":45,"column":12},"end":{"line":49,"column":1}}},"2":{"name":"Anchor","decl":{"start":{"line":57,"column":16},"end":{"line":57,"column":22}},"loc":{"start":{"line":57,"column":65},"end":{"line":63,"column":1}}}},"branchMap":{"0":{"loc":{"start":{"line":42,"column":2},"end":{"line":42,"column":19}},"type":"default-arg","locations":[{"start":{"line":42,"column":11},"end":{"line":42,"column":19}}]},"1":{"loc":{"start":{"line":43,"column":2},"end":{"line":43,"column":29}},"type":"default-arg","locations":[{"start":{"line":43,"column":8},"end":{"line":43,"column":29}}]},"2":{"loc":{"start":{"line":57,"column":25},"end":{"line":57,"column":41}},"type":"default-arg","locations":[{"start":{"line":57,"column":36},"end":{"line":57,"column":41}}]},"3":{"loc":{"start":{"line":58,"column":2},"end":{"line":60,"column":null}},"type":"if","locations":[{"start":{"line":58,"column":2},"end":{"line":60,"column":null}}]}},"s":{"0":0,"1":0,"2":0,"3":0,"4":0,"5":0,"6":0,"7":0,"8":0,"9":0,"10":0,"11":0,"12":0,"13":0,"14":0,"15":0,"16":0},"f":{"0":0,"1":0,"2":0},"b":{"0":[0],"1":[0],"2":[0],"3":[0]}}
,"E:\\Users\\William\\Documents\\Repositories\\Draekien-Industries\\waystone-ui\\packages\\waystone-components\\src\\button\\button.fx.ts": {"path":"E:\\Users\\William\\Documents\\Repositories\\Draekien-Industries\\waystone-ui\\packages\\waystone-components\\src\\button\\button.fx.ts","statementMap":{"0":{"start":{"line":1,"column":0},"end":{"line":1,"column":57}},"1":{"start":{"line":4,"column":34},"end":{"line":20,"column":1}},"2":{"start":{"line":8,"column":2},"end":{"line":19,"column":null}},"3":{"start":{"line":10,"column":6},"end":{"line":10,"column":42}},"4":{"start":{"line":12,"column":6},"end":{"line":12,"column":27}},"5":{"start":{"line":18,"column":6},"end":{"line":18,"column":33}},"6":{"start":{"line":4,"column":13},"end":{"line":4,"column":34}},"7":{"start":{"line":22,"column":24},"end":{"line":32,"column":1}},"8":{"start":{"line":23,"column":2},"end":{"line":31,"column":null}},"9":{"start":{"line":28,"column":6},"end":{"line":28,"column":21}},"10":{"start":{"line":30,"column":6},"end":{"line":30,"column":20}},"11":{"start":{"line":22,"column":13},"end":{"line":22,"column":24}},"12":{"start":{"line":40,"column":28},"end":{"line":57,"column":1}},"13":{"start":{"line":44,"column":2},"end":{"line":50,"column":null}},"14":{"start":{"line":45,"column":4},"end":{"line":49,"column":6}},"15":{"start":{"line":52,"column":2},"end":{"line":56,"column":4}},"16":{"start":{"line":40,"column":13},"end":{"line":40,"column":28}},"17":{"start":{"line":64,"column":26},"end":{"line":89,"column":1}},"18":{"start":{"line":68,"column":2},"end":{"line":68,"column":53}},"19":{"start":{"line":68,"column":17},"end":{"line":68,"column":53}},"20":{"start":{"line":70,"column":2},"end":{"line":88,"column":null}},"21":{"start":{"line":72,"column":6},"end":{"line":75,"column":8}},"22":{"start":{"line":78,"column":6},"end":{"line":81,"column":8}},"23":{"start":{"line":84,"column":6},"end":{"line":87,"column":8}},"24":{"start":{"line":64,"column":13},"end":{"line":64,"column":26}},"25":{"start":{"line":91,"column":26},"end":{"line":100,"column":1}},"26":{"start":{"line":92,"column":2},"end":{"line":99,"column":null}},"27":{"start":{"line":94,"column":6},"end":{"line":94,"column":28}},"28":{"start":{"line":96,"column":6},"end":{"line":96,"column":28}},"29":{"start":{"line":98,"column":6},"end":{"line":98,"column":25}},"30":{"start":{"line":91,"column":13},"end":{"line":91,"column":26}}},"fnMap":{"0":{"name":"(anonymous_0)","decl":{"start":{"line":4,"column":34},"end":{"line":4,"column":null}},"loc":{"start":{"line":7,"column":4},"end":{"line":20,"column":1}}},"1":{"name":"(anonymous_1)","decl":{"start":{"line":22,"column":24},"end":{"line":22,"column":25}},"loc":{"start":{"line":22,"column":51},"end":{"line":32,"column":1}}},"2":{"name":"(anonymous_2)","decl":{"start":{"line":40,"column":28},"end":{"line":40,"column":null}},"loc":{"start":{"line":43,"column":29},"end":{"line":57,"column":1}}},"3":{"name":"(anonymous_3)","decl":{"start":{"line":64,"column":26},"end":{"line":64,"column":null}},"loc":{"start":{"line":67,"column":27},"end":{"line":89,"column":1}}},"4":{"name":"(anonymous_4)","decl":{"start":{"line":91,"column":26},"end":{"line":91,"column":27}},"loc":{"start":{"line":91,"column":41},"end":{"line":100,"column":1}}}},"branchMap":{"0":{"loc":{"start":{"line":8,"column":2},"end":{"line":19,"column":null}},"type":"switch","locations":[{"start":{"line":9,"column":4},"end":{"line":10,"column":42}},{"start":{"line":11,"column":4},"end":{"line":12,"column":27}},{"start":{"line":13,"column":4},"end":{"line":13,"column":19}},{"start":{"line":14,"column":4},"end":{"line":14,"column":21}},{"start":{"line":15,"column":4},"end":{"line":15,"column":18}},{"start":{"line":16,"column":4},"end":{"line":16,"column":21}},{"start":{"line":17,"column":4},"end":{"line":18,"column":33}}]},"1":{"loc":{"start":{"line":10,"column":13},"end":{"line":10,"column":41}},"type":"cond-expr","locations":[{"start":{"line":10,"column":24},"end":{"line":10,"column":31}},{"start":{"line":10,"column":34},"end":{"line":10,"column":41}}]},"2":{"loc":{"start":{"line":23,"column":2},"end":{"line":31,"column":null}},"type":"switch","locations":[{"start":{"line":24,"column":4},"end":{"line":24,"column":19}},{"start":{"line":25,"column":4},"end":{"line":25,"column":21}},{"start":{"line":26,"column":4},"end":{"line":26,"column":18}},{"start":{"line":27,"column":4},"end":{"line":28,"column":21}},{"start":{"line":29,"column":4},"end":{"line":30,"column":20}}]},"3":{"loc":{"start":{"line":44,"column":2},"end":{"line":50,"column":null}},"type":"if","locations":[{"start":{"line":44,"column":2},"end":{"line":50,"column":null}}]},"4":{"loc":{"start":{"line":68,"column":2},"end":{"line":68,"column":53}},"type":"if","locations":[{"start":{"line":68,"column":2},"end":{"line":68,"column":53}}]},"5":{"loc":{"start":{"line":70,"column":2},"end":{"line":88,"column":null}},"type":"switch","locations":[{"start":{"line":71,"column":4},"end":{"line":76,"column":null}},{"start":{"line":77,"column":4},"end":{"line":82,"column":null}},{"start":{"line":83,"column":4},"end":{"line":87,"column":8}}]},"6":{"loc":{"start":{"line":92,"column":2},"end":{"line":99,"column":null}},"type":"switch","locations":[{"start":{"line":93,"column":4},"end":{"line":94,"column":28}},{"start":{"line":95,"column":4},"end":{"line":96,"column":28}},{"start":{"line":97,"column":4},"end":{"line":98,"column":25}}]}},"s":{"0":0,"1":0,"2":0,"3":0,"4":0,"5":0,"6":0,"7":0,"8":0,"9":0,"10":0,"11":0,"12":0,"13":0,"14":0,"15":0,"16":0,"17":0,"18":0,"19":0,"20":0,"21":0,"22":0,"23":0,"24":0,"25":0,"26":0,"27":0,"28":0,"29":0,"30":0},"f":{"0":0,"1":0,"2":0,"3":0,"4":0},"b":{"0":[0,0,0,0,0,0,0],"1":[0,0],"2":[0,0,0,0,0],"3":[0],"4":[0],"5":[0,0,0],"6":[0,0,0]}}
,"E:\\Users\\William\\Documents\\Repositories\\Draekien-Industries\\waystone-ui\\packages\\waystone-components\\src\\button\\button.stories.tsx": {"path":"E:\\Users\\William\\Documents\\Repositories\\Draekien-Industries\\waystone-ui\\packages\\waystone-components\\src\\button\\button.stories.tsx","statementMap":{"0":{"start":{"line":1,"column":0},"end":{"line":1,"column":26}},"1":{"start":{"line":3,"column":0},"end":{"line":3,"column":50}},"2":{"start":{"line":4,"column":0},"end":{"line":4,"column":47}},"3":{"start":{"line":6,"column":0},"end":{"line":15,"column":10}},"4":{"start":{"line":17,"column":37},"end":{"line":18,"column":null}},"5":{"start":{"line":18,"column":2},"end":{"line":18,"column":50}},"6":{"start":{"line":21,"column":13},"end":{"line":21,"column":41}},"7":{"start":{"line":23,"column":13},"end":{"line":23,"column":46}},"8":{"start":{"line":25,"column":0},"end":{"line":32,"column":2}},"9":{"start":{"line":34,"column":0},"end":{"line":36,"column":2}},"10":{"start":{"line":38,"column":13},"end":{"line":38,"column":47}},"11":{"start":{"line":40,"column":0},"end":{"line":47,"column":2}},"12":{"start":{"line":49,"column":0},"end":{"line":51,"column":2}},"13":{"start":{"line":53,"column":13},"end":{"line":53,"column":46}},"14":{"start":{"line":55,"column":0},"end":{"line":62,"column":2}},"15":{"start":{"line":64,"column":0},"end":{"line":66,"column":2}},"16":{"start":{"line":68,"column":13},"end":{"line":68,"column":49}},"17":{"start":{"line":70,"column":0},"end":{"line":77,"column":2}},"18":{"start":{"line":79,"column":0},"end":{"line":83,"column":2}}},"fnMap":{"0":{"name":"(anonymous_1)","decl":{"start":{"line":17,"column":37},"end":{"line":17,"column":38}},"loc":{"start":{"line":18,"column":2},"end":{"line":18,"column":50}}}},"branchMap":{},"s":{"0":0,"1":0,"2":0,"3":0,"4":0,"5":0,"6":0,"7":0,"8":0,"9":0,"10":0,"11":0,"12":0,"13":0,"14":0,"15":0,"16":0,"17":0,"18":0},"f":{"0":0},"b":{}}
,"E:\\Users\\William\\Documents\\Repositories\\Draekien-Industries\\waystone-ui\\packages\\waystone-components\\src\\button\\button.styles.ts": {"path":"E:\\Users\\William\\Documents\\Repositories\\Draekien-Industries\\waystone-ui\\packages\\waystone-components\\src\\button\\button.styles.ts","statementMap":{"0":{"start":{"line":3,"column":0},"end":{"line":3,"column":null}},"1":{"start":{"line":24,"column":25},"end":{"line":66,"column":1}},"2":{"start":{"line":34,"column":36},"end":{"line":34,"column":67}},"3":{"start":{"line":35,"column":17},"end":{"line":35,"column":35}},"4":{"start":{"line":36,"column":33},"end":{"line":36,"column":70}},"5":{"start":{"line":38,"column":34},"end":{"line":63,"column":4}},"6":{"start":{"line":65,"column":2},"end":{"line":65,"column":13}},"7":{"start":{"line":24,"column":13},"end":{"line":24,"column":25}}},"fnMap":{"0":{"name":"(anonymous_0)","decl":{"start":{"line":24,"column":25},"end":{"line":24,"column":26}},"loc":{"start":{"line":33,"column":41},"end":{"line":66,"column":1}}}},"branchMap":{"0":{"loc":{"start":{"line":26,"column":2},"end":{"line":26,"column":13}},"type":"default-arg","locations":[{"start":{"line":26,"column":9},"end":{"line":26,"column":13}}]},"1":{"loc":{"start":{"line":36,"column":50},"end":{"line":36,"column":69}},"type":"binary-expr","locations":[{"start":{"line":36,"column":50},"end":{"line":36,"column":56}},{"start":{"line":36,"column":60},"end":{"line":36,"column":69}}]},"2":{"loc":{"start":{"line":48,"column":15},"end":{"line":48,"column":34}},"type":"binary-expr","locations":[{"start":{"line":48,"column":15},"end":{"line":48,"column":24}},{"start":{"line":48,"column":28},"end":{"line":48,"column":34}}]},"3":{"loc":{"start":{"line":52,"column":17},"end":{"line":52,"column":35}},"type":"binary-expr","locations":[{"start":{"line":52,"column":17},"end":{"line":52,"column":26}},{"start":{"line":52,"column":30},"end":{"line":52,"column":35}}]},"4":{"loc":{"start":{"line":53,"column":23},"end":{"line":53,"column":66}},"type":"cond-expr","locations":[{"start":{"line":53,"column":45},"end":{"line":53,"column":54}},{"start":{"line":53,"column":57},"end":{"line":53,"column":66}}]},"5":{"loc":{"start":{"line":56,"column":17},"end":{"line":56,"column":36}},"type":"binary-expr","locations":[{"start":{"line":56,"column":17},"end":{"line":56,"column":26}},{"start":{"line":56,"column":30},"end":{"line":56,"column":36}}]},"6":{"loc":{"start":{"line":60,"column":23},"end":{"line":60,"column":41}},"type":"binary-expr","locations":[{"start":{"line":60,"column":23},"end":{"line":60,"column":30}},{"start":{"line":60,"column":34},"end":{"line":60,"column":41}}]}},"s":{"0":0,"1":0,"2":0,"3":0,"4":0,"5":0,"6":0,"7":0},"f":{"0":0},"b":{"0":[0],"1":[0,0],"2":[0,0],"3":[0,0],"4":[0,0],"5":[0,0],"6":[0,0]}}
,"E:\\Users\\William\\Documents\\Repositories\\Draekien-Industries\\waystone-ui\\packages\\waystone-components\\src\\button\\button.tsx": {"path":"E:\\Users\\William\\Documents\\Repositories\\Draekien-Industries\\waystone-ui\\packages\\waystone-components\\src\\button\\button.tsx","statementMap":{"0":{"start":{"line":3,"column":0},"end":{"line":3,"column":null}},"1":{"start":{"line":14,"column":0},"end":{"line":14,"column":44}},"2":{"start":{"line":52,"column":19},"end":{"line":52,"column":null}},"3":{"start":{"line":53,"column":9},"end":{"line":54,"column":14}},"4":{"start":{"line":55,"column":22},"end":{"line":55,"column":36}},"5":{"start":{"line":56,"column":19},"end":{"line":56,"column":39}},"6":{"start":{"line":58,"column":2},"end":{"line":71,"column":4}},"7":{"start":{"line":47,"column":0},"end":{"line":47,"column":16}}},"fnMap":{"0":{"name":"Button","decl":{"start":{"line":47,"column":16},"end":{"line":47,"column":22}},"loc":{"start":{"line":54,"column":14},"end":{"line":72,"column":1}}}},"branchMap":{"0":{"loc":{"start":{"line":49,"column":2},"end":{"line":49,"column":21}},"type":"default-arg","locations":[{"start":{"line":49,"column":12},"end":{"line":49,"column":21}}]},"1":{"loc":{"start":{"line":50,"column":2},"end":{"line":50,"column":13}},"type":"default-arg","locations":[{"start":{"line":50,"column":9},"end":{"line":50,"column":13}}]},"2":{"loc":{"start":{"line":51,"column":2},"end":{"line":51,"column":18}},"type":"default-arg","locations":[{"start":{"line":51,"column":13},"end":{"line":51,"column":18}}]},"3":{"loc":{"start":{"line":52,"column":2},"end":{"line":52,"column":19}},"type":"default-arg","locations":[{"start":{"line":52,"column":14},"end":{"line":52,"column":19}}]}},"s":{"0":0,"1":0,"2":0,"3":0,"4":0,"5":0,"6":0,"7":0},"f":{"0":0},"b":{"0":[0],"1":[0],"2":[0],"3":[0]}}
,"E:\\Users\\William\\Documents\\Repositories\\Draekien-Industries\\waystone-ui\\packages\\waystone-components\\src\\code\\code.stories.tsx": {"path":"E:\\Users\\William\\Documents\\Repositories\\Draekien-Industries\\waystone-ui\\packages\\waystone-components\\src\\code\\code.stories.tsx","statementMap":{"0":{"start":{"line":1,"column":0},"end":{"line":1,"column":26}},"1":{"start":{"line":3,"column":0},"end":{"line":3,"column":41}},"2":{"start":{"line":4,"column":0},"end":{"line":4,"column":36}},"3":{"start":{"line":6,"column":0},"end":{"line":9,"column":10}},"4":{"start":{"line":11,"column":35},"end":{"line":11,"column":63}},"5":{"start":{"line":11,"column":45},"end":{"line":11,"column":63}},"6":{"start":{"line":13,"column":13},"end":{"line":13,"column":41}},"7":{"start":{"line":15,"column":0},"end":{"line":17,"column":2}},"8":{"start":{"line":20,"column":2},"end":{"line":23,"column":null}},"9":{"start":{"line":19,"column":0},"end":{"line":19,"column":16}}},"fnMap":{"0":{"name":"(anonymous_1)","decl":{"start":{"line":11,"column":35},"end":{"line":11,"column":36}},"loc":{"start":{"line":11,"column":45},"end":{"line":11,"column":63}}},"1":{"name":"WithExample","decl":{"start":{"line":19,"column":16},"end":{"line":19,"column":27}},"loc":{"start":{"line":19,"column":27},"end":{"line":24,"column":1}}}},"branchMap":{},"s":{"0":0,"1":0,"2":0,"3":0,"4":0,"5":0,"6":0,"7":0,"8":0,"9":0},"f":{"0":0,"1":0},"b":{}}
,"E:\\Users\\William\\Documents\\Repositories\\Draekien-Industries\\waystone-ui\\packages\\waystone-components\\src\\code\\code.styles.ts": {"path":"E:\\Users\\William\\Documents\\Repositories\\Draekien-Industries\\waystone-ui\\packages\\waystone-components\\src\\code\\code.styles.ts","statementMap":{"0":{"start":{"line":3,"column":13},"end":{"line":10,"column":2}}},"fnMap":{},"branchMap":{},"s":{"0":0},"f":{},"b":{}}
,"E:\\Users\\William\\Documents\\Repositories\\Draekien-Industries\\waystone-ui\\packages\\waystone-components\\src\\code\\code.tsx": {"path":"E:\\Users\\William\\Documents\\Repositories\\Draekien-Industries\\waystone-ui\\packages\\waystone-components\\src\\code\\code.tsx","statementMap":{"0":{"start":{"line":3,"column":0},"end":{"line":3,"column":40}},"1":{"start":{"line":15,"column":2},"end":{"line":15,"column":46}},"2":{"start":{"line":14,"column":0},"end":{"line":14,"column":16}}},"fnMap":{"0":{"name":"Code","decl":{"start":{"line":14,"column":16},"end":{"line":14,"column":20}},"loc":{"start":{"line":14,"column":44},"end":{"line":16,"column":1}}}},"branchMap":{},"s":{"0":0,"1":0,"2":0},"f":{"0":0},"b":{}}
,"E:\\Users\\William\\Documents\\Repositories\\Draekien-Industries\\waystone-ui\\packages\\waystone-components\\src\\code-block\\codeBlock.stories.tsx": {"path":"E:\\Users\\William\\Documents\\Repositories\\Draekien-Industries\\waystone-ui\\packages\\waystone-components\\src\\code-block\\codeBlock.stories.tsx","statementMap":{"0":{"start":{"line":1,"column":0},"end":{"line":1,"column":26}},"1":{"start":{"line":3,"column":0},"end":{"line":3,"column":56}},"2":{"start":{"line":5,"column":0},"end":{"line":8,"column":10}},"3":{"start":{"line":10,"column":40},"end":{"line":10,"column":73}},"4":{"start":{"line":10,"column":50},"end":{"line":10,"column":73}},"5":{"start":{"line":12,"column":13},"end":{"line":12,"column":41}},"6":{"start":{"line":14,"column":0},"end":{"line":17,"column":2}}},"fnMap":{"0":{"name":"(anonymous_1)","decl":{"start":{"line":10,"column":40},"end":{"line":10,"column":41}},"loc":{"start":{"line":10,"column":50},"end":{"line":10,"column":73}}}},"branchMap":{},"s":{"0":0,"1":0,"2":0,"3":0,"4":0,"5":0,"6":0},"f":{"0":0},"b":{}}
,"E:\\Users\\William\\Documents\\Repositories\\Draekien-Industries\\waystone-ui\\packages\\waystone-components\\src\\code-block\\codeBlock.styles.ts": {"path":"E:\\Users\\William\\Documents\\Repositories\\Draekien-Industries\\waystone-ui\\packages\\waystone-components\\src\\code-block\\codeBlock.styles.ts","statementMap":{"0":{"start":{"line":3,"column":13},"end":{"line":11,"column":2}}},"fnMap":{},"branchMap":{},"s":{"0":0},"f":{},"b":{}}
,"E:\\Users\\William\\Documents\\Repositories\\Draekien-Industries\\waystone-ui\\packages\\waystone-components\\src\\code-block\\codeBlock.tsx": {"path":"E:\\Users\\William\\Documents\\Repositories\\Draekien-Industries\\waystone-ui\\packages\\waystone-components\\src\\code-block\\codeBlock.tsx","statementMap":{"0":{"start":{"line":3,"column":0},"end":{"line":3,"column":57}},"1":{"start":{"line":4,"column":0},"end":{"line":4,"column":78}},"2":{"start":{"line":5,"column":0},"end":{"line":5,"column":59}},"3":{"start":{"line":35,"column":25},"end":{"line":55,"column":null}},"4":{"start":{"line":41,"column":2},"end":{"line":54,"column":null}},"5":{"start":{"line":35,"column":13},"end":{"line":35,"column":25}}},"fnMap":{"0":{"name":"(anonymous_1)","decl":{"start":{"line":35,"column":25},"end":{"line":35,"column":26}},"loc":{"start":{"line":41,"column":2},"end":{"line":54,"column":null}}}},"branchMap":{"0":{"loc":{"start":{"line":36,"column":2},"end":{"line":36,"column":19}},"type":"default-arg","locations":[{"start":{"line":36,"column":13},"end":{"line":36,"column":19}}]},"1":{"loc":{"start":{"line":37,"column":2},"end":{"line":37,"column":18}},"type":"default-arg","locations":[{"start":{"line":37,"column":13},"end":{"line":37,"column":18}}]},"2":{"loc":{"start":{"line":38,"column":2},"end":{"line":38,"column":25}},"type":"default-arg","locations":[{"start":{"line":38,"column":20},"end":{"line":38,"column":25}}]}},"s":{"0":0,"1":0,"2":0,"3":0,"4":0,"5":0},"f":{"0":0},"b":{"0":[0],"1":[0],"2":[0]}}
,"E:\\Users\\William\\Documents\\Repositories\\Draekien-Industries\\waystone-ui\\packages\\waystone-components\\src\\common\\customRender.tsx": {"path":"E:\\Users\\William\\Documents\\Repositories\\Draekien-Industries\\waystone-ui\\packages\\waystone-components\\src\\common\\customRender.tsx","statementMap":{"0":{"start":{"line":2,"column":0},"end":{"line":2,"column":41}},"1":{"start":{"line":3,"column":0},"end":{"line":3,"column":63}},"2":{"start":{"line":4,"column":0},"end":{"line":4,"column":40}},"3":{"start":{"line":5,"column":0},"end":{"line":5,"column":30}},"4":{"start":{"line":7,"column":31},"end":{"line":8,"column":null}},"5":{"start":{"line":8,"column":2},"end":{"line":8,"column":33}},"6":{"start":{"line":11,"column":34},"end":{"line":19,"column":1}},"7":{"start":{"line":12,"column":27},"end":{"line":12,"column":41}},"8":{"start":{"line":14,"column":2},"end":{"line":16,"column":21}},"9":{"start":{"line":15,"column":4},"end":{"line":15,"column":25}},"10":{"start":{"line":18,"column":2},"end":{"line":18,"column":31}},"11":{"start":{"line":27,"column":33},"end":{"line":27,"column":48}},"12":{"start":{"line":21,"column":21},"end":{"line":24,"column":54}},"13":{"start":{"line":24,"column":5},"end":{"line":24,"column":54}},"14":{"start":{"line":27,"column":25},"end":{"line":27,"column":31}},"15":{"start":{"line":26,"column":0},"end":{"line":26,"column":39}}},"fnMap":{"0":{"name":"(anonymous_4)","decl":{"start":{"line":7,"column":31},"end":{"line":7,"column":32}},"loc":{"start":{"line":8,"column":2},"end":{"line":8,"column":33}}},"1":{"name":"(anonymous_5)","decl":{"start":{"line":11,"column":34},"end":{"line":11,"column":35}},"loc":{"start":{"line":11,"column":51},"end":{"line":19,"column":1}}},"2":{"name":"(anonymous_6)","decl":{"start":{"line":14,"column":12},"end":{"line":14,"column":15}},"loc":{"start":{"line":14,"column":17},"end":{"line":16,"column":3}}},"3":{"name":"(anonymous_7)","decl":{"start":{"line":21,"column":21},"end":{"line":21,"column":null}},"loc":{"start":{"line":24,"column":5},"end":{"line":24,"column":54}}}},"branchMap":{},"s":{"0":0,"1":0,"2":0,"3":0,"4":0,"5":0,"6":0,"7":0,"8":0,"9":0,"10":0,"11":0,"12":0,"13":0,"14":0,"15":0},"f":{"0":0,"1":0,"2":0,"3":0},"b":{}}
,"E:\\Users\\William\\Documents\\Repositories\\Draekien-Industries\\waystone-ui\\packages\\waystone-components\\src\\common\\index.ts": {"path":"E:\\Users\\William\\Documents\\Repositories\\Draekien-Industries\\waystone-ui\\packages\\waystone-components\\src\\common\\index.ts","statementMap":{"0":{"start":{"line":1,"column":0},"end":{"line":1,"column":31}},"1":{"start":{"line":2,"column":0},"end":{"line":2,"column":29}}},"fnMap":{},"branchMap":{},"s":{"0":0,"1":0},"f":{},"b":{}}
,"E:\\Users\\William\\Documents\\Repositories\\Draekien-Industries\\waystone-ui\\packages\\waystone-components\\src\\icon\\icon.fx.ts": {"path":"E:\\Users\\William\\Documents\\Repositories\\Draekien-Industries\\waystone-ui\\packages\\waystone-components\\src\\icon\\icon.fx.ts","statementMap":{"0":{"start":{"line":3,"column":32},"end":{"line":9,"column":1}},"1":{"start":{"line":4,"column":18},"end":{"line":4,"column":48}},"2":{"start":{"line":6,"column":2},"end":{"line":8,"column":63}},"3":{"start":{"line":3,"column":13},"end":{"line":3,"column":32}}},"fnMap":{"0":{"name":"(anonymous_0)","decl":{"start":{"line":3,"column":32},"end":{"line":3,"column":33}},"loc":{"start":{"line":3,"column":78},"end":{"line":9,"column":1}}}},"branchMap":{"0":{"loc":{"start":{"line":4,"column":18},"end":{"line":4,"column":48}},"type":"cond-expr","locations":[{"start":{"line":4,"column":25},"end":{"line":4,"column":27}},{"start":{"line":4,"column":18},"end":{"line":4,"column":48}}]},"1":{"loc":{"start":{"line":4,"column":18},"end":{"line":4,"column":27}},"type":"binary-expr","locations":[{"start":{"line":4,"column":18},"end":{"line":4,"column":27}},{"start":{"line":4,"column":18},"end":{"line":4,"column":27}}]},"2":{"loc":{"start":{"line":6,"column":9},"end":{"line":8,"column":62}},"type":"cond-expr","locations":[{"start":{"line":7,"column":6},"end":{"line":7,"column":51}},{"start":{"line":8,"column":6},"end":{"line":8,"column":62}}]},"3":{"loc":{"start":{"line":7,"column":24},"end":{"line":7,"column":39}},"type":"binary-expr","locations":[{"start":{"line":7,"column":24},"end":{"line":7,"column":33}},{"start":{"line":7,"column":37},"end":{"line":7,"column":39}}]},"4":{"loc":{"start":{"line":8,"column":35},"end":{"line":8,"column":50}},"type":"binary-expr","locations":[{"start":{"line":8,"column":35},"end":{"line":8,"column":44}},{"start":{"line":8,"column":48},"end":{"line":8,"column":50}}]}},"s":{"0":0,"1":0,"2":0,"3":0},"f":{"0":0},"b":{"0":[0,0],"1":[0,0],"2":[0,0],"3":[0,0],"4":[0,0]}}
,"E:\\Users\\William\\Documents\\Repositories\\Draekien-Industries\\waystone-ui\\packages\\waystone-components\\src\\icon\\icon.stories.tsx": {"path":"E:\\Users\\William\\Documents\\Repositories\\Draekien-Industries\\waystone-ui\\packages\\waystone-components\\src\\icon\\icon.stories.tsx","statementMap":{"0":{"start":{"line":1,"column":0},"end":{"line":1,"column":26}},"1":{"start":{"line":3,"column":0},"end":{"line":3,"column":41}},"2":{"start":{"line":7,"column":0},"end":{"line":15,"column":10}},"3":{"start":{"line":17,"column":35},"end":{"line":17,"column":63}},"4":{"start":{"line":17,"column":45},"end":{"line":17,"column":63}},"5":{"start":{"line":19,"column":13},"end":{"line":19,"column":41}},"6":{"start":{"line":21,"column":0},"end":{"line":23,"column":2}}},"fnMap":{"0":{"name":"(anonymous_1)","decl":{"start":{"line":17,"column":35},"end":{"line":17,"column":36}},"loc":{"start":{"line":17,"column":45},"end":{"line":17,"column":63}}}},"branchMap":{},"s":{"0":0,"1":0,"2":0,"3":0,"4":0,"5":0,"6":0},"f":{"0":0},"b":{}}
,"E:\\Users\\William\\Documents\\Repositories\\Draekien-Industries\\waystone-ui\\packages\\waystone-components\\src\\icon\\icon.styles.ts": {"path":"E:\\Users\\William\\Documents\\Repositories\\Draekien-Industries\\waystone-ui\\packages\\waystone-components\\src\\icon\\icon.styles.ts","statementMap":{"0":{"start":{"line":1,"column":0},"end":{"line":1,"column":38}},"1":{"start":{"line":6,"column":0},"end":{"line":6,"column":null}},"2":{"start":{"line":7,"column":2},"end":{"line":7,"column":null}},"3":{"start":{"line":8,"column":2},"end":{"line":8,"column":null}},"4":{"start":{"line":9,"column":2},"end":{"line":9,"column":null}},"5":{"start":{"line":12,"column":16},"end":{"line":13,"column":47}},"6":{"start":{"line":13,"column":2},"end":{"line":13,"column":47}},"7":{"start":{"line":15,"column":23},"end":{"line":27,"column":1}},"8":{"start":{"line":16,"column":34},"end":{"line":20,"column":4}},"9":{"start":{"line":22,"column":2},"end":{"line":24,"column":null}},"10":{"start":{"line":23,"column":4},"end":{"line":23,"column":55}},"11":{"start":{"line":26,"column":2},"end":{"line":26,"column":13}},"12":{"start":{"line":15,"column":13},"end":{"line":15,"column":23}}},"fnMap":{"0":{"name":"(anonymous_0)","decl":{"start":{"line":6,"column":0},"end":{"line":6,"column":5}},"loc":{"start":{"line":6,"column":13},"end":{"line":10,"column":1}}},"1":{"name":"(anonymous_1)","decl":{"start":{"line":12,"column":16},"end":{"line":12,"column":17}},"loc":{"start":{"line":13,"column":2},"end":{"line":13,"column":47}}},"2":{"name":"(anonymous_2)","decl":{"start":{"line":15,"column":23},"end":{"line":15,"column":24}},"loc":{"start":{"line":15,"column":69},"end":{"line":27,"column":1}}}},"branchMap":{"0":{"loc":{"start":{"line":6,"column":5},"end":{"line":6,"column":null}},"type":"binary-expr","locations":[{"start":{"line":6,"column":5},"end":{"line":6,"column":13}},{"start":{"line":6,"column":5},"end":{"line":6,"column":null}}]},"1":{"loc":{"start":{"line":18,"column":11},"end":{"line":18,"column":35}},"type":"binary-expr","locations":[{"start":{"line":18,"column":11},"end":{"line":18,"column":22}},{"start":{"line":18,"column":26},"end":{"line":18,"column":35}}]},"2":{"loc":{"start":{"line":22,"column":2},"end":{"line":24,"column":null}},"type":"if","locations":[{"start":{"line":22,"column":2},"end":{"line":24,"column":null}}]}},"s":{"0":0,"1":0,"2":0,"3":0,"4":0,"5":0,"6":0,"7":0,"8":0,"9":0,"10":0,"11":0,"12":0},"f":{"0":0,"1":0,"2":0},"b":{"0":[0,0],"1":[0,0],"2":[0]}}
,"E:\\Users\\William\\Documents\\Repositories\\Draekien-Industries\\waystone-ui\\packages\\waystone-components\\src\\icon\\icon.tsx": {"path":"E:\\Users\\William\\Documents\\Repositories\\Draekien-Industries\\waystone-ui\\packages\\waystone-components\\src\\icon\\icon.tsx","statementMap":{"0":{"start":{"line":3,"column":0},"end":{"line":3,"column":45}},"1":{"start":{"line":4,"column":0},"end":{"line":4,"column":40}},"2":{"start":{"line":44,"column":19},"end":{"line":44,"column":null}},"3":{"start":{"line":45,"column":9},"end":{"line":46,"column":12}},"4":{"start":{"line":47,"column":2},"end":{"line":54,"column":4}},"5":{"start":{"line":39,"column":0},"end":{"line":39,"column":16}}},"fnMap":{"0":{"name":"Icon","decl":{"start":{"line":39,"column":16},"end":{"line":39,"column":20}},"loc":{"start":{"line":46,"column":12},"end":{"line":55,"column":1}}}},"branchMap":{"0":{"loc":{"start":{"line":42,"column":2},"end":{"line":42,"column":20}},"type":"default-arg","locations":[{"start":{"line":42,"column":12},"end":{"line":42,"column":20}}]},"1":{"loc":{"start":{"line":43,"column":2},"end":{"line":43,"column":13}},"type":"default-arg","locations":[{"start":{"line":43,"column":9},"end":{"line":43,"column":13}}]},"2":{"loc":{"start":{"line":44,"column":2},"end":{"line":44,"column":19}},"type":"default-arg","locations":[{"start":{"line":44,"column":10},"end":{"line":44,"column":19}}]}},"s":{"0":0,"1":0,"2":0,"3":0,"4":0,"5":0},"f":{"0":0},"b":{"0":[0],"1":[0],"2":[0]}}
,"E:\\Users\\William\\Documents\\Repositories\\Draekien-Industries\\waystone-ui\\packages\\waystone-components\\src\\text\\text.stories.tsx": {"path":"E:\\Users\\William\\Documents\\Repositories\\Draekien-Industries\\waystone-ui\\packages\\waystone-components\\src\\text\\text.stories.tsx","statementMap":{"0":{"start":{"line":1,"column":0},"end":{"line":1,"column":26}},"1":{"start":{"line":3,"column":0},"end":{"line":3,"column":45}},"2":{"start":{"line":4,"column":0},"end":{"line":4,"column":41}},"3":{"start":{"line":6,"column":0},"end":{"line":17,"column":10}},"4":{"start":{"line":19,"column":35},"end":{"line":19,"column":63}},"5":{"start":{"line":19,"column":45},"end":{"line":19,"column":63}},"6":{"start":{"line":21,"column":13},"end":{"line":21,"column":41}},"7":{"start":{"line":23,"column":42},"end":{"line":36,"column":1}},"8":{"start":{"line":25,"column":41},"end":{"line":25,"column":45}},"9":{"start":{"line":25,"column":36},"end":{"line":25,"column":41}},"10":{"start":{"line":27,"column":2},"end":{"line":35,"column":4}},"11":{"start":{"line":30,"column":8},"end":{"line":31,"column":null}},"12":{"start":{"line":38,"column":13},"end":{"line":38,"column":52}},"13":{"start":{"line":40,"column":0},"end":{"line":47,"column":2}},"14":{"start":{"line":49,"column":13},"end":{"line":49,"column":43}},"15":{"start":{"line":51,"column":0},"end":{"line":60,"column":2}},"16":{"start":{"line":62,"column":0},"end":{"line":64,"column":2}},"17":{"start":{"line":66,"column":41},"end":{"line":76,"column":1}},"18":{"start":{"line":68,"column":29},"end":{"line":68,"column":33}},"19":{"start":{"line":68,"column":24},"end":{"line":68,"column":29}},"20":{"start":{"line":70,"column":2},"end":{"line":75,"column":4}},"21":{"start":{"line":78,"column":13},"end":{"line":78,"column":50}},"22":{"start":{"line":80,"column":0},"end":{"line":88,"column":2}},"23":{"start":{"line":90,"column":0},"end":{"line":93,"column":2}}},"fnMap":{"0":{"name":"(anonymous_2)","decl":{"start":{"line":19,"column":35},"end":{"line":19,"column":36}},"loc":{"start":{"line":19,"column":45},"end":{"line":19,"column":63}}},"1":{"name":"(anonymous_3)","decl":{"start":{"line":23,"column":42},"end":{"line":23,"column":43}},"loc":{"start":{"line":23,"column":51},"end":{"line":36,"column":1}}},"2":{"name":"(anonymous_4)","decl":{"start":{"line":29,"column":36},"end":{"line":29,"column":37}},"loc":{"start":{"line":30,"column":8},"end":{"line":31,"column":null}}},"3":{"name":"(anonymous_5)","decl":{"start":{"line":66,"column":41},"end":{"line":66,"column":42}},"loc":{"start":{"line":66,"column":50},"end":{"line":76,"column":1}}}},"branchMap":{},"s":{"0":0,"1":0,"2":0,"3":0,"4":0,"5":0,"6":0,"7":0,"8":0,"9":0,"10":0,"11":0,"12":0,"13":0,"14":0,"15":0,"16":0,"17":0,"18":0,"19":0,"20":0,"21":0,"22":0,"23":0},"f":{"0":0,"1":0,"2":0,"3":0},"b":{}}
,"E:\\Users\\William\\Documents\\Repositories\\Draekien-Industries\\waystone-ui\\packages\\waystone-components\\src\\text\\text.styles.ts": {"path":"E:\\Users\\William\\Documents\\Repositories\\Draekien-Industries\\waystone-ui\\packages\\waystone-components\\src\\text\\text.styles.ts","statementMap":{"0":{"start":{"line":10,"column":72},"end":{"line":26,"column":1}},"1":{"start":{"line":15,"column":34},"end":{"line":19,"column":4}},"2":{"start":{"line":21,"column":2},"end":{"line":23,"column":null}},"3":{"start":{"line":22,"column":4},"end":{"line":22,"column":33}},"4":{"start":{"line":25,"column":2},"end":{"line":25,"column":13}},"5":{"start":{"line":10,"column":13},"end":{"line":10,"column":72}}},"fnMap":{"0":{"name":"(anonymous_0)","decl":{"start":{"line":10,"column":72},"end":{"line":10,"column":73}},"loc":{"start":{"line":14,"column":5},"end":{"line":26,"column":1}}}},"branchMap":{"0":{"loc":{"start":{"line":18,"column":11},"end":{"line":18,"column":29}},"type":"binary-expr","locations":[{"start":{"line":18,"column":11},"end":{"line":18,"column":16}},{"start":{"line":18,"column":20},"end":{"line":18,"column":29}}]},"1":{"loc":{"start":{"line":21,"column":2},"end":{"line":23,"column":null}},"type":"if","locations":[{"start":{"line":21,"column":2},"end":{"line":23,"column":null}}]}},"s":{"0":0,"1":0,"2":0,"3":0,"4":0,"5":0},"f":{"0":0},"b":{"0":[0,0],"1":[0]}}
,"E:\\Users\\William\\Documents\\Repositories\\Draekien-Industries\\waystone-ui\\packages\\waystone-components\\src\\text\\text.tsx": {"path":"E:\\Users\\William\\Documents\\Repositories\\Draekien-Industries\\waystone-ui\\packages\\waystone-components\\src\\text\\text.tsx","statementMap":{"0":{"start":{"line":3,"column":0},"end":{"line":3,"column":47}},"1":{"start":{"line":5,"column":0},"end":{"line":5,"column":40}},"2":{"start":{"line":49,"column":7},"end":{"line":49,"column":null}},"3":{"start":{"line":50,"column":9},"end":{"line":51,"column":12}},"4":{"start":{"line":52,"column":2},"end":{"line":54,"column":null}},"5":{"start":{"line":44,"column":0},"end":{"line":44,"column":16}}},"fnMap":{"0":{"name":"Text","decl":{"start":{"line":44,"column":16},"end":{"line":44,"column":20}},"loc":{"start":{"line":51,"column":12},"end":{"line":55,"column":1}}}},"branchMap":{"0":{"loc":{"start":{"line":46,"column":2},"end":{"line":46,"column":13}},"type":"default-arg","locations":[{"start":{"line":46,"column":7},"end":{"line":46,"column":13}}]},"1":{"loc":{"start":{"line":47,"column":2},"end":{"line":47,"column":16}},"type":"default-arg","locations":[{"start":{"line":47,"column":11},"end":{"line":47,"column":16}}]},"2":{"loc":{"start":{"line":48,"column":2},"end":{"line":48,"column":18}},"type":"default-arg","locations":[{"start":{"line":48,"column":12},"end":{"line":48,"column":18}}]}},"s":{"0":0,"1":0,"2":0,"3":0,"4":0,"5":0},"f":{"0":0},"b":{"0":[0],"1":[0],"2":[0]}}
,"E:\\Users\\William\\Documents\\Repositories\\Draekien-Industries\\waystone-ui\\packages\\waystone-components\\src\\waystone-ui\\colors.stories.tsx": {"path":"E:\\Users\\William\\Documents\\Repositories\\Draekien-Industries\\waystone-ui\\packages\\waystone-components\\src\\waystone-ui\\colors.stories.tsx","statementMap":{"0":{"start":{"line":1,"column":0},"end":{"line":1,"column":34}},"1":{"start":{"line":3,"column":0},"end":{"line":3,"column":51}},"2":{"start":{"line":5,"column":0},"end":{"line":5,"column":26}},"3":{"start":{"line":7,"column":37},"end":{"line":34,"column":null}},"4":{"start":{"line":8,"column":2},"end":{"line":33,"column":null}},"5":{"start":{"line":37,"column":29},"end":{"line":88,"column":1}},"6":{"start":{"line":38,"column":17},"end":{"line":40,"column":29}},"7":{"start":{"line":41,"column":19},"end":{"line":41,"column":71}},"8":{"start":{"line":43,"column":2},"end":{"line":87,"column":4}},"9":{"start":{"line":60,"column":10},"end":{"line":60,"column":43}},"10":{"start":{"line":60,"column":31},"end":{"line":60,"column":43}},"11":{"start":{"line":62,"column":10},"end":{"line":66,"column":12}},"12":{"start":{"line":81,"column":10},"end":{"line":82,"column":null}},"13":{"start":{"line":37,"column":13},"end":{"line":37,"column":29}},"14":{"start":{"line":90,"column":0},"end":{"line":93,"column":10}}},"fnMap":{"0":{"name":"(anonymous_1)","decl":{"start":{"line":7,"column":37},"end":{"line":7,"column":38}},"loc":{"start":{"line":8,"column":2},"end":{"line":33,"column":null}}},"1":{"name":"(anonymous_2)","decl":{"start":{"line":37,"column":29},"end":{"line":37,"column":32}},"loc":{"start":{"line":37,"column":34},"end":{"line":88,"column":1}}},"2":{"name":"(anonymous_3)","decl":{"start":{"line":59,"column":33},"end":{"line":59,"column":34}},"loc":{"start":{"line":59,"column":48},"end":{"line":67,"column":9}}},"3":{"name":"(anonymous_4)","decl":{"start":{"line":80,"column":35},"end":{"line":80,"column":36}},"loc":{"start":{"line":81,"column":10},"end":{"line":82,"column":null}}}},"branchMap":{"0":{"loc":{"start":{"line":38,"column":17},"end":{"line":40,"column":29}},"type":"cond-expr","locations":[{"start":{"line":39,"column":5},"end":{"line":39,"column":null}},{"start":{"line":40,"column":7},"end":{"line":40,"column":29}}]},"1":{"loc":{"start":{"line":41,"column":19},"end":{"line":41,"column":71}},"type":"cond-expr","locations":[{"start":{"line":41,"column":34},"end":{"line":41,"column":51}},{"start":{"line":41,"column":55},"end":{"line":41,"column":71}}]},"2":{"loc":{"start":{"line":60,"column":10},"end":{"line":60,"column":43}},"type":"if","locations":[{"start":{"line":60,"column":10},"end":{"line":60,"column":43}}]}},"s":{"0":0,"1":0,"2":0,"3":0,"4":0,"5":0,"6":0,"7":0,"8":0,"9":0,"10":0,"11":0,"12":0,"13":0,"14":0},"f":{"0":0,"1":0,"2":0,"3":0},"b":{"0":[0,0],"1":[0,0],"2":[0]}}
,"E:\\Users\\William\\Documents\\Repositories\\Draekien-Industries\\waystone-ui\\packages\\waystone-components\\src\\waystone-ui\\typography.stories.tsx": {"path":"E:\\Users\\William\\Documents\\Repositories\\Draekien-Industries\\waystone-ui\\packages\\waystone-components\\src\\waystone-ui\\typography.stories.tsx","statementMap":{"0":{"start":{"line":1,"column":0},"end":{"line":1,"column":34}},"1":{"start":{"line":3,"column":0},"end":{"line":3,"column":64}},"2":{"start":{"line":5,"column":0},"end":{"line":5,"column":26}},"3":{"start":{"line":7,"column":30},"end":{"line":59,"column":null}},"4":{"start":{"line":8,"column":2},"end":{"line":58,"column":null}},"5":{"start":{"line":51,"column":25},"end":{"line":51,"column":40}},"6":{"start":{"line":53,"column":12},"end":{"line":54,"column":null}},"7":{"start":{"line":7,"column":13},"end":{"line":7,"column":30}},"8":{"start":{"line":62,"column":0},"end":{"line":65,"column":10}}},"fnMap":{"0":{"name":"(anonymous_1)","decl":{"start":{"line":7,"column":30},"end":{"line":7,"column":33}},"loc":{"start":{"line":8,"column":2},"end":{"line":58,"column":null}}},"1":{"name":"(anonymous_2)","decl":{"start":{"line":51,"column":18},"end":{"line":51,"column":19}},"loc":{"start":{"line":51,"column":25},"end":{"line":51,"column":40}}},"2":{"name":"(anonymous_3)","decl":{"start":{"line":52,"column":15},"end":{"line":52,"column":16}},"loc":{"start":{"line":53,"column":12},"end":{"line":54,"column":null}}}},"branchMap":{"0":{"loc":{"start":{"line":49,"column":10},"end":{"line":49,"column":78}},"type":"binary-expr","locations":[{"start":{"line":49,"column":10},"end":{"line":49,"column":32}},{"start":{"line":49,"column":37},"end":{"line":49,"column":78}}]}},"s":{"0":0,"1":0,"2":0,"3":0,"4":0,"5":0,"6":0,"7":0,"8":0},"f":{"0":0,"1":0,"2":0},"b":{"0":[0,0]}}
,"E:\\Users\\William\\Documents\\Repositories\\Draekien-Industries\\waystone-ui\\packages\\waystone-components\\src\\waystone-ui\\waystoneUi.tsx": {"path":"E:\\Users\\William\\Documents\\Repositories\\Draekien-Industries\\waystone-ui\\packages\\waystone-components\\src\\waystone-ui\\waystoneUi.tsx","statementMap":{"0":{"start":{"line":2,"column":0},"end":{"line":2,"column":41}},"1":{"start":{"line":3,"column":0},"end":{"line":3,"column":41}},"2":{"start":{"line":4,"column":0},"end":{"line":4,"column":80}},"3":{"start":{"line":15,"column":2},"end":{"line":15,"column":110}},"4":{"start":{"line":17,"column":2},"end":{"line":17,"column":149}},"5":{"start":{"line":19,"column":17},"end":{"line":42,"column":1}},"6":{"start":{"line":20,"column":43},"end":{"line":23,"column":4}},"7":{"start":{"line":25,"column":25},"end":{"line":25,"column":55}},"8":{"start":{"line":26,"column":2},"end":{"line":26,"column":36}},"9":{"start":{"line":27,"column":2},"end":{"line":27,"column":52}},"10":{"start":{"line":28,"column":2},"end":{"line":28,"column":44}},"11":{"start":{"line":30,"column":2},"end":{"line":41,"column":5}},"12":{"start":{"line":31,"column":23},"end":{"line":31,"column":51}},"13":{"start":{"line":33,"column":4},"end":{"line":40,"column":null}},"14":{"start":{"line":34,"column":19},"end":{"line":34,"column":49}},"15":{"start":{"line":35,"column":6},"end":{"line":35,"column":20}},"16":{"start":{"line":36,"column":6},"end":{"line":36,"column":30}},"17":{"start":{"line":37,"column":6},"end":{"line":37,"column":29}},"18":{"start":{"line":38,"column":6},"end":{"line":38,"column":37}},"19":{"start":{"line":39,"column":6},"end":{"line":39,"column":38}},"20":{"start":{"line":59,"column":49},"end":{"line":75,"column":1}},"21":{"start":{"line":64,"column":22},"end":{"line":64,"column":67}},"22":{"start":{"line":66,"column":2},"end":{"line":68,"column":20}},"23":{"start":{"line":67,"column":4},"end":{"line":67,"column":26}},"24":{"start":{"line":70,"column":2},"end":{"line":72,"column":null}},"25":{"start":{"line":71,"column":4},"end":{"line":71,"column":37}},"26":{"start":{"line":74,"column":2},"end":{"line":74,"column":71}},"27":{"start":{"line":59,"column":13},"end":{"line":59,"column":49}}},"fnMap":{"0":{"name":"(anonymous_0)","decl":{"start":{"line":19,"column":17},"end":{"line":19,"column":18}},"loc":{"start":{"line":19,"column":43},"end":{"line":42,"column":1}}},"1":{"name":"(anonymous_1)","decl":{"start":{"line":30,"column":29},"end":{"line":30,"column":30}},"loc":{"start":{"line":30,"column":37},"end":{"line":41,"column":3}}},"2":{"name":"(anonymous_2)","decl":{"start":{"line":59,"column":49},"end":{"line":59,"column":50}},"loc":{"start":{"line":63,"column":5},"end":{"line":75,"column":1}}},"3":{"name":"(anonymous_3)","decl":{"start":{"line":66,"column":12},"end":{"line":66,"column":15}},"loc":{"start":{"line":66,"column":17},"end":{"line":68,"column":3}}}},"branchMap":{"0":{"loc":{"start":{"line":21,"column":10},"end":{"line":21,"column":43}},"type":"binary-expr","locations":[{"start":{"line":21,"column":10},"end":{"line":21,"column":27}},{"start":{"line":21,"column":31},"end":{"line":21,"column":43}}]},"1":{"loc":{"start":{"line":21,"column":10},"end":{"line":21,"column":27}},"type":"cond-expr","locations":[{"start":{"line":21,"column":17},"end":{"line":21,"column":19}},{"start":{"line":21,"column":10},"end":{"line":21,"column":27}}]},"2":{"loc":{"start":{"line":21,"column":10},"end":{"line":21,"column":19}},"type":"binary-expr","locations":[{"start":{"line":21,"column":10},"end":{"line":21,"column":19}},{"start":{"line":21,"column":10},"end":{"line":21,"column":19}}]},"3":{"loc":{"start":{"line":22,"column":11},"end":{"line":22,"column":44}},"type":"binary-expr","locations":[{"start":{"line":22,"column":11},"end":{"line":22,"column":28}},{"start":{"line":22,"column":32},"end":{"line":22,"column":44}}]},"4":{"loc":{"start":{"line":22,"column":11},"end":{"line":22,"column":28}},"type":"cond-expr","locations":[{"start":{"line":22,"column":18},"end":{"line":22,"column":20}},{"start":{"line":22,"column":11},"end":{"line":22,"column":28}}]},"5":{"loc":{"start":{"line":22,"column":11},"end":{"line":22,"column":20}},"type":"binary-expr","locations":[{"start":{"line":22,"column":11},"end":{"line":22,"column":20}},{"start":{"line":22,"column":11},"end":{"line":22,"column":20}}]},"6":{"loc":{"start":{"line":33,"column":4},"end":{"line":40,"column":null}},"type":"if","locations":[{"start":{"line":33,"column":4},"end":{"line":40,"column":null}}]},"7":{"loc":{"start":{"line":70,"column":2},"end":{"line":72,"column":null}},"type":"if","locations":[{"start":{"line":70,"column":2},"end":{"line":72,"column":null}}]}},"s":{"0":0,"1":0,"2":0,"3":0,"4":0,"5":0,"6":0,"7":0,"8":0,"9":0,"10":0,"11":0,"12":0,"13":0,"14":0,"15":0,"16":0,"17":0,"18":0,"19":0,"20":0,"21":0,"22":0,"23":0,"24":0,"25":0,"26":0,"27":0},"f":{"0":0,"1":0,"2":0,"3":0},"b":{"0":[0,0],"1":[0,0],"2":[0,0],"3":[0,0],"4":[0,0],"5":[0,0],"6":[0],"7":[0]}}
}
