{"total": {"lines":{"total":239,"covered":0,"skipped":0,"pct":0},"statements":{"total":265,"covered":0,"skipped":0,"pct":0},"functions":{"total":44,"covered":0,"skipped":0,"pct":0},"branches":{"total":91,"covered":0,"skipped":0,"pct":0},"branchesTrue":{"total":0,"covered":0,"skipped":0,"pct":100}}
,"E:\\Users\\William\\Documents\\Repositories\\Draekien-Industries\\waystone-ui\\packages\\waystone-components\\src\\index.tsx": {"lines":{"total":6,"covered":0,"skipped":0,"pct":0},"functions":{"total":0,"covered":0,"skipped":0,"pct":100},"statements":{"total":6,"covered":0,"skipped":0,"pct":0},"branches":{"total":0,"covered":0,"skipped":0,"pct":100}}
,"E:\\Users\\William\\Documents\\Repositories\\Draekien-Industries\\waystone-ui\\packages\\waystone-components\\src\\anchor\\anchor.stories.tsx": {"lines":{"total":11,"covered":0,"skipped":0,"pct":0},"functions":{"total":1,"covered":0,"skipped":0,"pct":0},"statements":{"total":11,"covered":0,"skipped":0,"pct":0},"branches":{"total":0,"covered":0,"skipped":0,"pct":100}}
,"E:\\Users\\William\\Documents\\Repositories\\Draekien-Industries\\waystone-ui\\packages\\waystone-components\\src\\anchor\\anchor.styles.tsx": {"lines":{"total":1,"covered":0,"skipped":0,"pct":0},"functions":{"total":0,"covered":0,"skipped":0,"pct":100},"statements":{"total":1,"covered":0,"skipped":0,"pct":0},"branches":{"total":0,"covered":0,"skipped":0,"pct":100}}
,"E:\\Users\\William\\Documents\\Repositories\\Draekien-Industries\\waystone-ui\\packages\\waystone-components\\src\\anchor\\anchor.tsx": {"lines":{"total":13,"covered":0,"skipped":0,"pct":0},"functions":{"total":3,"covered":0,"skipped":0,"pct":0},"statements":{"total":17,"covered":0,"skipped":0,"pct":0},"branches":{"total":4,"covered":0,"skipped":0,"pct":0}}
,"E:\\Users\\William\\Documents\\Repositories\\Draekien-Industries\\waystone-ui\\packages\\waystone-components\\src\\button\\button.fx.ts": {"lines":{"total":25,"covered":0,"skipped":0,"pct":0},"functions":{"total":5,"covered":0,"skipped":0,"pct":0},"statements":{"total":31,"covered":0,"skipped":0,"pct":0},"branches":{"total":22,"covered":0,"skipped":0,"pct":0}}
,"E:\\Users\\William\\Documents\\Repositories\\Draekien-Industries\\waystone-ui\\packages\\waystone-components\\src\\button\\button.stories.tsx": {"lines":{"total":19,"covered":0,"skipped":0,"pct":0},"functions":{"total":1,"covered":0,"skipped":0,"pct":0},"statements":{"total":19,"covered":0,"skipped":0,"pct":0},"branches":{"total":0,"covered":0,"skipped":0,"pct":100}}
,"E:\\Users\\William\\Documents\\Repositories\\Draekien-Industries\\waystone-ui\\packages\\waystone-components\\src\\button\\button.styles.ts": {"lines":{"total":7,"covered":0,"skipped":0,"pct":0},"functions":{"total":1,"covered":0,"skipped":0,"pct":0},"statements":{"total":8,"covered":0,"skipped":0,"pct":0},"branches":{"total":13,"covered":0,"skipped":0,"pct":0}}
,"E:\\Users\\William\\Documents\\Repositories\\Draekien-Industries\\waystone-ui\\packages\\waystone-components\\src\\button\\button.tsx": {"lines":{"total":8,"covered":0,"skipped":0,"pct":0},"functions":{"total":1,"covered":0,"skipped":0,"pct":0},"statements":{"total":8,"covered":0,"skipped":0,"pct":0},"branches":{"total":4,"covered":0,"skipped":0,"pct":0}}
,"E:\\Users\\William\\Documents\\Repositories\\Draekien-Industries\\waystone-ui\\packages\\waystone-components\\src\\code\\code.stories.tsx": {"lines":{"total":9,"covered":0,"skipped":0,"pct":0},"functions":{"total":2,"covered":0,"skipped":0,"pct":0},"statements":{"total":10,"covered":0,"skipped":0,"pct":0},"branches":{"total":0,"covered":0,"skipped":0,"pct":100}}
,"E:\\Users\\William\\Documents\\Repositories\\Draekien-Industries\\waystone-ui\\packages\\waystone-components\\src\\code\\code.styles.ts": {"lines":{"total":1,"covered":0,"skipped":0,"pct":0},"functions":{"total":0,"covered":0,"skipped":0,"pct":100},"statements":{"total":1,"covered":0,"skipped":0,"pct":0},"branches":{"total":0,"covered":0,"skipped":0,"pct":100}}
,"E:\\Users\\William\\Documents\\Repositories\\Draekien-Industries\\waystone-ui\\packages\\waystone-components\\src\\code\\code.tsx": {"lines":{"total":3,"covered":0,"skipped":0,"pct":0},"functions":{"total":1,"covered":0,"skipped":0,"pct":0},"statements":{"total":3,"covered":0,"skipped":0,"pct":0},"branches":{"total":0,"covered":0,"skipped":0,"pct":100}}
,"E:\\Users\\William\\Documents\\Repositories\\Draekien-Industries\\waystone-ui\\packages\\waystone-components\\src\\code-block\\codeBlock.stories.tsx": {"lines":{"total":6,"covered":0,"skipped":0,"pct":0},"functions":{"total":1,"covered":0,"skipped":0,"pct":0},"statements":{"total":7,"covered":0,"skipped":0,"pct":0},"branches":{"total":0,"covered":0,"skipped":0,"pct":100}}
,"E:\\Users\\William\\Documents\\Repositories\\Draekien-Industries\\waystone-ui\\packages\\waystone-components\\src\\code-block\\codeBlock.styles.ts": {"lines":{"total":1,"covered":0,"skipped":0,"pct":0},"functions":{"total":0,"covered":0,"skipped":0,"pct":100},"statements":{"total":1,"covered":0,"skipped":0,"pct":0},"branches":{"total":0,"covered":0,"skipped":0,"pct":100}}
,"E:\\Users\\William\\Documents\\Repositories\\Draekien-Industries\\waystone-ui\\packages\\waystone-components\\src\\code-block\\codeBlock.tsx": {"lines":{"total":5,"covered":0,"skipped":0,"pct":0},"functions":{"total":1,"covered":0,"skipped":0,"pct":0},"statements":{"total":6,"covered":0,"skipped":0,"pct":0},"branches":{"total":3,"covered":0,"skipped":0,"pct":0}}
,"E:\\Users\\William\\Documents\\Repositories\\Draekien-Industries\\waystone-ui\\packages\\waystone-components\\src\\common\\customRender.tsx": {"lines":{"total":15,"covered":0,"skipped":0,"pct":0},"functions":{"total":4,"covered":0,"skipped":0,"pct":0},"statements":{"total":16,"covered":0,"skipped":0,"pct":0},"branches":{"total":0,"covered":0,"skipped":0,"pct":100}}
,"E:\\Users\\William\\Documents\\Repositories\\Draekien-Industries\\waystone-ui\\packages\\waystone-components\\src\\common\\index.ts": {"lines":{"total":2,"covered":0,"skipped":0,"pct":0},"functions":{"total":0,"covered":0,"skipped":0,"pct":100},"statements":{"total":2,"covered":0,"skipped":0,"pct":0},"branches":{"total":0,"covered":0,"skipped":0,"pct":100}}
,"E:\\Users\\William\\Documents\\Repositories\\Draekien-Industries\\waystone-ui\\packages\\waystone-components\\src\\icon\\icon.fx.ts": {"lines":{"total":3,"covered":0,"skipped":0,"pct":0},"functions":{"total":1,"covered":0,"skipped":0,"pct":0},"statements":{"total":4,"covered":0,"skipped":0,"pct":0},"branches":{"total":10,"covered":0,"skipped":0,"pct":0}}
,"E:\\Users\\William\\Documents\\Repositories\\Draekien-Industries\\waystone-ui\\packages\\waystone-components\\src\\icon\\icon.stories.tsx": {"lines":{"total":6,"covered":0,"skipped":0,"pct":0},"functions":{"total":1,"covered":0,"skipped":0,"pct":0},"statements":{"total":7,"covered":0,"skipped":0,"pct":0},"branches":{"total":0,"covered":0,"skipped":0,"pct":100}}
,"E:\\Users\\William\\Documents\\Repositories\\Draekien-Industries\\waystone-ui\\packages\\waystone-components\\src\\icon\\icon.styles.ts": {"lines":{"total":12,"covered":0,"skipped":0,"pct":0},"functions":{"total":3,"covered":0,"skipped":0,"pct":0},"statements":{"total":13,"covered":0,"skipped":0,"pct":0},"branches":{"total":5,"covered":0,"skipped":0,"pct":0}}
,"E:\\Users\\William\\Documents\\Repositories\\Draekien-Industries\\waystone-ui\\packages\\waystone-components\\src\\icon\\icon.tsx": {"lines":{"total":6,"covered":0,"skipped":0,"pct":0},"functions":{"total":1,"covered":0,"skipped":0,"pct":0},"statements":{"total":6,"covered":0,"skipped":0,"pct":0},"branches":{"total":3,"covered":0,"skipped":0,"pct":0}}
,"E:\\Users\\William\\Documents\\Repositories\\Draekien-Industries\\waystone-ui\\packages\\waystone-components\\src\\text\\text.stories.tsx": {"lines":{"total":21,"covered":0,"skipped":0,"pct":0},"functions":{"total":4,"covered":0,"skipped":0,"pct":0},"statements":{"total":24,"covered":0,"skipped":0,"pct":0},"branches":{"total":0,"covered":0,"skipped":0,"pct":100}}
,"E:\\Users\\William\\Documents\\Repositories\\Draekien-Industries\\waystone-ui\\packages\\waystone-components\\src\\text\\text.styles.ts": {"lines":{"total":5,"covered":0,"skipped":0,"pct":0},"functions":{"total":1,"covered":0,"skipped":0,"pct":0},"statements":{"total":6,"covered":0,"skipped":0,"pct":0},"branches":{"total":3,"covered":0,"skipped":0,"pct":0}}
,"E:\\Users\\William\\Documents\\Repositories\\Draekien-Industries\\waystone-ui\\packages\\waystone-components\\src\\text\\text.tsx": {"lines":{"total":6,"covered":0,"skipped":0,"pct":0},"functions":{"total":1,"covered":0,"skipped":0,"pct":0},"statements":{"total":6,"covered":0,"skipped":0,"pct":0},"branches":{"total":3,"covered":0,"skipped":0,"pct":0}}
,"E:\\Users\\William\\Documents\\Repositories\\Draekien-Industries\\waystone-ui\\packages\\waystone-components\\src\\waystone-ui\\colors.stories.tsx": {"lines":{"total":13,"covered":0,"skipped":0,"pct":0},"functions":{"total":4,"covered":0,"skipped":0,"pct":0},"statements":{"total":15,"covered":0,"skipped":0,"pct":0},"branches":{"total":5,"covered":0,"skipped":0,"pct":0}}
,"E:\\Users\\William\\Documents\\Repositories\\Draekien-Industries\\waystone-ui\\packages\\waystone-components\\src\\waystone-ui\\typography.stories.tsx": {"lines":{"total":8,"covered":0,"skipped":0,"pct":0},"functions":{"total":3,"covered":0,"skipped":0,"pct":0},"statements":{"total":9,"covered":0,"skipped":0,"pct":0},"branches":{"total":2,"covered":0,"skipped":0,"pct":0}}
,"E:\\Users\\William\\Documents\\Repositories\\Draekien-Industries\\waystone-ui\\packages\\waystone-components\\src\\waystone-ui\\waystoneUi.tsx": {"lines":{"total":27,"covered":0,"skipped":0,"pct":0},"functions":{"total":4,"covered":0,"skipped":0,"pct":0},"statements":{"total":28,"covered":0,"skipped":0,"pct":0},"branches":{"total":14,"covered":0,"skipped":0,"pct":0}}
}
