TN:
SF:src\index.tsx
FNF:0
FNH:0
DA:1,1
DA:2,1
DA:3,1
DA:4,1
DA:5,1
DA:6,1
LF:6
LH:6
BRF:0
BRH:0
end_of_record
TN:
SF:src\anchor\anchor.styles.tsx
FNF:0
FNH:0
DA:3,1
LF:1
LH:1
BRF:0
BRH:0
end_of_record
TN:
SF:src\anchor\anchor.tsx
FN:33,InternalAnchor
FN:40,ExternalAnchor
FN:57,Anchor
FNF:3
FNH:0
FNDA:0,InternalAnchor
FNDA:0,ExternalAnchor
FNDA:0,Anchor
DA:3,1
DA:4,1
DA:5,1
DA:33,1
DA:34,0
DA:40,1
DA:43,0
DA:44,0
DA:46,0
DA:57,1
DA:58,0
DA:59,0
DA:62,0
LF:13
LH:6
BRDA:42,0,0,0
BRDA:43,1,0,0
BRDA:57,2,0,0
BRDA:58,3,0,0
BRF:4
BRH:0
end_of_record
TN:
SF:src\button\button.fx.ts
FN:4,(anonymous_0)
FN:22,(anonymous_1)
FN:40,(anonymous_2)
FN:64,(anonymous_3)
FN:91,(anonymous_4)
FNF:5
FNH:0
FNDA:0,(anonymous_0)
FNDA:0,(anonymous_1)
FNDA:0,(anonymous_2)
FNDA:0,(anonymous_3)
FNDA:0,(anonymous_4)
DA:1,1
DA:4,1
DA:8,0
DA:10,0
DA:12,0
DA:18,0
DA:22,1
DA:23,0
DA:28,0
DA:30,0
DA:40,1
DA:44,0
DA:45,0
DA:52,0
DA:64,1
DA:68,0
DA:70,0
DA:72,0
DA:78,0
DA:84,0
DA:91,1
DA:92,0
DA:94,0
DA:96,0
DA:98,0
LF:25
LH:6
BRDA:8,0,0,0
BRDA:8,0,1,0
BRDA:8,0,2,0
BRDA:8,0,3,0
BRDA:8,0,4,0
BRDA:8,0,5,0
BRDA:8,0,6,0
BRDA:10,1,0,0
BRDA:10,1,1,0
BRDA:23,2,0,0
BRDA:23,2,1,0
BRDA:23,2,2,0
BRDA:23,2,3,0
BRDA:23,2,4,0
BRDA:44,3,0,0
BRDA:68,4,0,0
BRDA:70,5,0,0
BRDA:70,5,1,0
BRDA:70,5,2,0
BRDA:92,6,0,0
BRDA:92,6,1,0
BRDA:92,6,2,0
BRF:22
BRH:0
end_of_record
TN:
SF:src\button\button.styles.ts
FN:24,(anonymous_0)
FNF:1
FNH:0
FNDA:0,(anonymous_0)
DA:3,1
DA:24,1
DA:34,0
DA:35,0
DA:36,0
DA:38,0
DA:65,0
LF:7
LH:2
BRDA:26,0,0,0
BRDA:36,1,0,0
BRDA:36,1,1,0
BRDA:48,2,0,0
BRDA:48,2,1,0
BRDA:52,3,0,0
BRDA:52,3,1,0
BRDA:53,4,0,0
BRDA:53,4,1,0
BRDA:56,5,0,0
BRDA:56,5,1,0
BRDA:60,6,0,0
BRDA:60,6,1,0
BRF:13
BRH:0
end_of_record
TN:
SF:src\button\button.tsx
FN:47,Button
FNF:1
FNH:0
FNDA:0,Button
DA:3,1
DA:14,1
DA:47,1
DA:52,0
DA:53,0
DA:55,0
DA:56,0
DA:58,0
LF:8
LH:3
BRDA:49,0,0,0
BRDA:50,1,0,0
BRDA:51,2,0,0
BRDA:52,3,0,0
BRF:4
BRH:0
end_of_record
TN:
SF:src\code\code.styles.ts
FNF:0
FNH:0
DA:3,1
LF:1
LH:1
BRF:0
BRH:0
end_of_record
TN:
SF:src\code\code.tsx
FN:14,Code
FNF:1
FNH:0
FNDA:0,Code
DA:3,1
DA:14,1
DA:15,0
LF:3
LH:2
BRF:0
BRH:0
end_of_record
TN:
SF:src\code-block\codeBlock.styles.ts
FNF:0
FNH:0
DA:3,1
LF:1
LH:1
BRF:0
BRH:0
end_of_record
TN:
SF:src\code-block\codeBlock.tsx
FN:35,(anonymous_1)
FNF:1
FNH:1
FNDA:1,(anonymous_1)
DA:3,1
DA:4,1
DA:5,1
DA:35,1
DA:41,1
LF:5
LH:5
BRDA:36,0,0,0
BRDA:37,1,0,1
BRDA:38,2,0,1
BRF:3
BRH:2
end_of_record
TN:
SF:src\common\customRender.tsx
FN:7,(anonymous_4)
FN:11,(anonymous_5)
FN:14,(anonymous_6)
FN:21,(anonymous_7)
FNF:4
FNH:2
FNDA:1,(anonymous_4)
FNDA:0,(anonymous_5)
FNDA:0,(anonymous_6)
FNDA:1,(anonymous_7)
DA:2,1
DA:3,1
DA:4,1
DA:5,1
DA:7,1
DA:8,1
DA:11,1
DA:12,0
DA:14,0
DA:15,0
DA:18,0
DA:21,1
DA:24,1
DA:26,1
DA:27,1
LF:15
LH:11
BRF:0
BRH:0
end_of_record
TN:
SF:src\common\index.ts
FNF:0
FNH:0
DA:1,1
DA:2,1
LF:2
LH:2
BRF:0
BRH:0
end_of_record
TN:
SF:src\icon\icon.fx.ts
FN:3,(anonymous_0)
FNF:1
FNH:0
FNDA:0,(anonymous_0)
DA:3,1
DA:4,0
DA:6,0
LF:3
LH:1
BRDA:4,0,0,0
BRDA:4,0,1,0
BRDA:4,1,0,0
BRDA:4,1,1,0
BRDA:6,2,0,0
BRDA:6,2,1,0
BRDA:7,3,0,0
BRDA:7,3,1,0
BRDA:8,4,0,0
BRDA:8,4,1,0
BRF:10
BRH:0
end_of_record
TN:
SF:src\icon\icon.styles.ts
FN:6,(anonymous_0)
FN:12,(anonymous_1)
FN:15,(anonymous_2)
FNF:3
FNH:1
FNDA:1,(anonymous_0)
FNDA:0,(anonymous_1)
FNDA:0,(anonymous_2)
DA:1,1
DA:6,1
DA:7,1
DA:8,1
DA:9,1
DA:12,1
DA:13,0
DA:15,1
DA:16,0
DA:22,0
DA:23,0
DA:26,0
LF:12
LH:7
BRDA:6,0,0,1
BRDA:6,0,1,1
BRDA:18,1,0,0
BRDA:18,1,1,0
BRDA:22,2,0,0
BRF:5
BRH:2
end_of_record
TN:
SF:src\icon\icon.tsx
FN:39,Icon
FNF:1
FNH:0
FNDA:0,Icon
DA:3,1
DA:4,1
DA:39,1
DA:44,0
DA:45,0
DA:47,0
LF:6
LH:3
BRDA:42,0,0,0
BRDA:43,1,0,0
BRDA:44,2,0,0
BRF:3
BRH:0
end_of_record
TN:
SF:src\text\text.styles.ts
FN:10,(anonymous_0)
FNF:1
FNH:0
FNDA:0,(anonymous_0)
DA:10,1
DA:15,0
DA:21,0
DA:22,0
DA:25,0
LF:5
LH:1
BRDA:18,0,0,0
BRDA:18,0,1,0
BRDA:21,1,0,0
BRF:3
BRH:0
end_of_record
TN:
SF:src\text\text.tsx
FN:44,Text
FNF:1
FNH:0
FNDA:0,Text
DA:3,1
DA:5,1
DA:44,1
DA:49,0
DA:50,0
DA:52,0
LF:6
LH:3
BRDA:46,0,0,0
BRDA:47,1,0,0
BRDA:48,2,0,0
BRF:3
BRH:0
end_of_record
TN:
SF:src\waystone-ui\waystoneUi.tsx
FN:19,(anonymous_0)
FN:30,(anonymous_1)
FN:59,(anonymous_2)
FN:66,(anonymous_3)
FNF:4
FNH:4
FNDA:1,(anonymous_0)
FNDA:2,(anonymous_1)
FNDA:1,(anonymous_2)
FNDA:1,(anonymous_3)
DA:2,1
DA:3,1
DA:4,1
DA:15,1
DA:17,1
DA:19,1
DA:20,1
DA:25,1
DA:26,1
DA:27,1
DA:28,1
DA:30,1
DA:31,2
DA:33,2
DA:34,2
DA:35,2
DA:36,2
DA:37,2
DA:38,2
DA:39,2
DA:59,1
DA:64,1
DA:66,1
DA:67,1
DA:70,1
DA:71,0
DA:74,1
LF:27
LH:26
BRDA:21,0,0,1
BRDA:21,0,1,1
BRDA:21,1,0,1
BRDA:21,1,1,0
BRDA:21,2,0,1
BRDA:21,2,1,1
BRDA:22,3,0,1
BRDA:22,3,1,1
BRDA:22,4,0,1
BRDA:22,4,1,0
BRDA:22,5,0,1
BRDA:22,5,1,1
BRDA:33,6,0,2
BRDA:70,7,0,0
BRF:14
BRH:11
end_of_record
